Using pre-set license
Built from '2020.3/release' branch; Version is '2020.3.27f1 (e759542391ea) revision 15161684'; Using compiler version '192528614'; Build Type 'Release'
OS: 'Windows 10  (10.0.19044) 64bit Core' Language: 'en' Physical Memory: 16228 MB
BatchMode: 1, IsHumanControllingUs: 0, StartBugReporterOnCrash: 0, Is64bit: 1, IsPro: 0

COMMAND LINE ARGUMENTS:
D:\Unity\2020.3.27f1\Editor\Unity.exe
-adb2
-batchMode
-noUpm
-name
AssetImportWorker0
-projectPath
C:/Users/Dell/OneDrive/Documents/Fa/FaceTrackingSourceCode0.0.1
-logFile
Logs/AssetImportWorker0.log
-srvPort
64748
Successfully changed project path to: C:/Users/Dell/OneDrive/Documents/Fa/FaceTrackingSourceCode0.0.1
C:/Users/Dell/OneDrive/Documents/Fa/FaceTrackingSourceCode0.0.1
Using Asset Import Pipeline V2.
Refreshing native plugins compatible for Editor in 300.64 ms, found 4 plugins.
Preloading 0 native plugins for Editor in 0.00 ms.
Initialize engine version: 2020.3.27f1 (e759542391ea)
[Subsystems] Discovering subsystems at path D:/Unity/2020.3.27f1/Editor/Data/Resources/UnitySubsystems
[Subsystems] Discovering subsystems at path C:/Users/Dell/OneDrive/Documents/Fa/FaceTrackingSourceCode0.0.1/Assets
GfxDevice: creating device client; threaded=0
Direct3D:
    Version:  Direct3D 11.0 [level 11.1]
    Renderer: NVIDIA GeForce GTX 1050 Ti (ID=0x1c8c)
    Vendor:   
    VRAM:     4018 MB
    Driver:   30.0.15.1165
Initialize mono
Mono path[0] = 'D:/Unity/2020.3.27f1/Editor/Data/Managed'
Mono path[1] = 'D:/Unity/2020.3.27f1/Editor/Data/MonoBleedingEdge/lib/mono/unityjit'
Mono config path = 'D:/Unity/2020.3.27f1/Editor/Data/MonoBleedingEdge/etc'
Using monoOptions --debugger-agent=transport=dt_socket,embedding=1,server=y,suspend=n,address=127.0.0.1:56968
Begin MonoManager ReloadAssembly
Registering precompiled unity dll's ...
Register platform support module: D:/Unity/2020.3.27f1/Editor/Data/PlaybackEngines/WebGLSupport/UnityEditor.WebGL.Extensions.dll
Register platform support module: D:/Unity/2020.3.27f1/Editor/Data/PlaybackEngines/WindowsStandaloneSupport/UnityEditor.WindowsStandalone.Extensions.dll
Registered in 0.003660 seconds.
Native extension for WindowsStandalone target not found
Native extension for WebGL target not found
Refreshing native plugins compatible for Editor in 240.13 ms, found 4 plugins.
Preloading 0 native plugins for Editor in 0.00 ms.
Mono: successfully reloaded assembly
- Completed reload, in  1.985 seconds
Domain Reload Profiling:
	ReloadAssembly (1986ms)
		BeginReloadAssembly (205ms)
			ExecutionOrderSort (0ms)
			DisableScriptedObjects (0ms)
			BackupInstance (0ms)
			ReleaseScriptingObjects (0ms)
			CreateAndSetChildDomain (2ms)
		EndReloadAssembly (1566ms)
			LoadAssemblies (203ms)
			RebuildTransferFunctionScriptingTraits (0ms)
			SetupTypeCache (513ms)
			ReleaseScriptCaches (0ms)
			RebuildScriptCaches (90ms)
			SetupLoadedEditorAssemblies (661ms)
				LogAssemblyErrors (0ms)
				InitializePlatformSupportModulesInManaged (15ms)
				SetLoadedEditorAssemblies (1ms)
				RefreshPlugins (240ms)
				BeforeProcessingInitializeOnLoad (36ms)
				ProcessInitializeOnLoadAttributes (261ms)
				ProcessInitializeOnLoadMethodAttributes (106ms)
				AfterProcessingInitializeOnLoad (0ms)
				EditorAssembliesLoaded (1ms)
			ExecutionOrderSort2 (0ms)
			AwakeInstancesAfterBackupRestoration (0ms)
Platform modules already initialized, skipping
Registering precompiled user dll's ...
Registered in 0.026754 seconds.
Begin MonoManager ReloadAssembly
Native extension for WindowsStandalone target not found
Native extension for WebGL target not found
Refreshing native plugins compatible for Editor in 1.17 ms, found 4 plugins.
Preloading 0 native plugins for Editor in 0.00 ms.
Mono: successfully reloaded assembly
- Completed reload, in  3.516 seconds
Domain Reload Profiling:
	ReloadAssembly (3518ms)
		BeginReloadAssembly (503ms)
			ExecutionOrderSort (0ms)
			DisableScriptedObjects (21ms)
			BackupInstance (0ms)
			ReleaseScriptingObjects (0ms)
			CreateAndSetChildDomain (50ms)
		EndReloadAssembly (2834ms)
			LoadAssemblies (277ms)
			RebuildTransferFunctionScriptingTraits (0ms)
			SetupTypeCache (1094ms)
			ReleaseScriptCaches (1ms)
			RebuildScriptCaches (192ms)
			SetupLoadedEditorAssemblies (1014ms)
				LogAssemblyErrors (0ms)
				InitializePlatformSupportModulesInManaged (14ms)
				SetLoadedEditorAssemblies (1ms)
				RefreshPlugins (1ms)
				BeforeProcessingInitializeOnLoad (287ms)
				ProcessInitializeOnLoadAttributes (675ms)
				ProcessInitializeOnLoadMethodAttributes (26ms)
				AfterProcessingInitializeOnLoad (7ms)
				EditorAssembliesLoaded (1ms)
			ExecutionOrderSort2 (0ms)
			AwakeInstancesAfterBackupRestoration (21ms)
Platform modules already initialized, skipping
========================================================================
Worker process is ready to serve import requests
Launched and connected shader compiler UnityShaderCompiler.exe after 0.20 seconds
Refreshing native plugins compatible for Editor in 1.43 ms, found 4 plugins.
Preloading 0 native plugins for Editor in 0.00 ms.
Unloading 3480 Unused Serialized files (Serialized files now loaded: 0)
System memory in use before: 119.5 MB.
System memory in use after: 119.7 MB.

Unloading 24 unused Assets to reduce memory usage. Loaded Objects now: 3907.
Total: 6.966000 ms (FindLiveObjects: 0.559000 ms CreateObjectMapping: 0.374900 ms MarkObjects: 5.882400 ms  DeleteObjects: 0.147800 ms)

AssetImportParameters requested are different than current active one (requested -> active):
  custom:framework-win-MediaFoundation: 216162199b28c13a410421893ffa2e32 -> 
  custom:video-decoder-ogg-theora: a1e56fd34408186e4bbccfd4996cb3dc -> 
  custom:container-muxer-webm: aa71ff27fc2769a1b78a27578f13a17b -> 
  custom:container-demuxer-webm: 4f35f7cbe854078d1ac9338744f61a02 -> 
  custom:container-demuxer-ogg: 62fdf1f143b41e24485cea50d1cbac27 -> 
  custom:video-encoder-webm-vp8: eb34c28f22e8b96e1ab97ce403110664 -> 
  custom:video-decoder-webm-vp8: 9c59270c3fd7afecdb556c50c9e8de78 -> 
  custom:audio-decoder-ogg-vorbis: bf7c407c2cedff20999df2af8eb42d56 -> 
  custom:audio-encoder-webm-vorbis: bf7c407c2cedff20999df2af8eb42d56 -> 
========================================================================
Received Import Request.
  path: Assets/_FaceRecognition
  artifactKey: Guid(94852f9acbe025f4794f01e37064dec5) Importer(815301076,1909f56bfc062723c751e8b465ee728b)
Start importing Assets/_FaceRecognition using Guid(94852f9acbe025f4794f01e37064dec5) Importer(815301076,1909f56bfc062723c751e8b465ee728b)  -> (artifact id: 'aba9086585dcb7f0f612a7c13e331ebc') in 0.024149 seconds 
  Import took 0.041632 seconds .

========================================================================
Received Import Request.
  Time since last request: 1.740190 seconds.
  path: Assets/_FaceRecognition/FaceRecognition.unity
  artifactKey: Guid(fcfb8a20c1666774eb3f3d1275e8a308) Importer(815301076,1909f56bfc062723c751e8b465ee728b)
Start importing Assets/_FaceRecognition/FaceRecognition.unity using Guid(fcfb8a20c1666774eb3f3d1275e8a308) Importer(815301076,1909f56bfc062723c751e8b465ee728b)  -> (artifact id: '3bd4f48f69d44993f1902e02bf4dba55') in 0.049535 seconds 
  Import took 0.063626 seconds .

========================================================================
Received Import Request.
  Time since last request: 25.481432 seconds.
  path: Assets/DLibWrapper/DLib
  artifactKey: Guid(5c47ac2b208df2543b374d8f71c87859) Importer(815301076,1909f56bfc062723c751e8b465ee728b)
Start importing Assets/DLibWrapper/DLib using Guid(5c47ac2b208df2543b374d8f71c87859) Importer(815301076,1909f56bfc062723c751e8b465ee728b)  -> (artifact id: '4da9dc25d17adf9c4eeab4eb7dc4d1b6') in 0.020136 seconds 
  Import took 0.037761 seconds .

========================================================================
Received Import Request.
  Time since last request: 55.091862 seconds.
  path: Assets/_FaceRecognition/QuitOnKey.cs
  artifactKey: Guid(8f2b7bee6261c7e41ad61fc813f281b2) Importer(815301076,1909f56bfc062723c751e8b465ee728b)
Start importing Assets/_FaceRecognition/QuitOnKey.cs using Guid(8f2b7bee6261c7e41ad61fc813f281b2) Importer(815301076,1909f56bfc062723c751e8b465ee728b)  -> (artifact id: 'c9616cd5534d9702eaeed10e757fbb36') in 0.125941 seconds 
  Import took 0.149172 seconds .

========================================================================
Received Import Request.
  Time since last request: 74.755266 seconds.
  path: Assets/_FaceRecognition/FaceRecognition.cs
  artifactKey: Guid(c7646e7433ecdc943a8957763c22b9dd) Importer(815301076,1909f56bfc062723c751e8b465ee728b)
Start importing Assets/_FaceRecognition/FaceRecognition.cs using Guid(c7646e7433ecdc943a8957763c22b9dd) Importer(815301076,1909f56bfc062723c751e8b465ee728b)  -> (artifact id: '2a638228b02132e57fd55fdaece48216') in 0.025868 seconds 
  Import took 0.048045 seconds .

========================================================================
Received Import Request.
  Time since last request: 14.548414 seconds.
  path: Assets/DLibWrapper/OpenCvSharp/Unity
  artifactKey: Guid(9d61aa6faa098d8479631d1f54a05af4) Importer(815301076,1909f56bfc062723c751e8b465ee728b)
Start importing Assets/DLibWrapper/OpenCvSharp/Unity using Guid(9d61aa6faa098d8479631d1f54a05af4) Importer(815301076,1909f56bfc062723c751e8b465ee728b)  -> (artifact id: 'ff9d2ceb39dd9ca06e08e6a9574ff1c8') in 0.018301 seconds 
  Import took 0.037738 seconds .

========================================================================
Received Import Request.
  Time since last request: 6.849378 seconds.
  path: Assets/DLibWrapper/OpenCvSharp
  artifactKey: Guid(19449c7bc355f9343bc161253729c7b0) Importer(815301076,1909f56bfc062723c751e8b465ee728b)
Start importing Assets/DLibWrapper/OpenCvSharp using Guid(19449c7bc355f9343bc161253729c7b0) Importer(815301076,1909f56bfc062723c751e8b465ee728b)  -> (artifact id: '561bf4609a3e5361e4dfd46bd842b7ee') in 0.013698 seconds 
  Import took 0.027611 seconds .

========================================================================
Received Import Request.
  Time since last request: 2.796367 seconds.
  path: Assets/DLibWrapper/OpenCvSharp/modules
  artifactKey: Guid(ad22d6b489405d14f94ab7d5e3e49c22) Importer(815301076,1909f56bfc062723c751e8b465ee728b)
Start importing Assets/DLibWrapper/OpenCvSharp/modules using Guid(ad22d6b489405d14f94ab7d5e3e49c22) Importer(815301076,1909f56bfc062723c751e8b465ee728b)  -> (artifact id: 'b75d449b5a76e085a7d12ec23fcd0ac3') in 0.014119 seconds 
  Import took 0.027773 seconds .

========================================================================
Received Prepare
Registering precompiled user dll's ...
Registered in 0.018367 seconds.
Begin MonoManager ReloadAssembly
Native extension for WindowsStandalone target not found
Native extension for WebGL target not found
Refreshing native plugins compatible for Editor in 1.15 ms, found 4 plugins.
Preloading 0 native plugins for Editor in 0.00 ms.
Mono: successfully reloaded assembly
- Completed reload, in  2.652 seconds
Domain Reload Profiling:
	ReloadAssembly (2653ms)
		BeginReloadAssembly (288ms)
			ExecutionOrderSort (0ms)
			DisableScriptedObjects (12ms)
			BackupInstance (0ms)
			ReleaseScriptingObjects (0ms)
			CreateAndSetChildDomain (88ms)
		EndReloadAssembly (2220ms)
			LoadAssemblies (256ms)
			RebuildTransferFunctionScriptingTraits (0ms)
			SetupTypeCache (973ms)
			ReleaseScriptCaches (2ms)
			RebuildScriptCaches (87ms)
			SetupLoadedEditorAssemblies (708ms)
				LogAssemblyErrors (0ms)
				InitializePlatformSupportModulesInManaged (13ms)
				SetLoadedEditorAssemblies (1ms)
				RefreshPlugins (1ms)
				BeforeProcessingInitializeOnLoad (210ms)
				ProcessInitializeOnLoadAttributes (459ms)
				ProcessInitializeOnLoadMethodAttributes (18ms)
				AfterProcessingInitializeOnLoad (6ms)
				EditorAssembliesLoaded (0ms)
			ExecutionOrderSort2 (0ms)
			AwakeInstancesAfterBackupRestoration (13ms)
Platform modules already initialized, skipping
Refreshing native plugins compatible for Editor in 2.22 ms, found 4 plugins.
Preloading 0 native plugins for Editor in 0.00 ms.
Unloading 3474 Unused Serialized files (Serialized files now loaded: 0)
System memory in use before: 119.4 MB.
System memory in use after: 119.7 MB.

Unloading 19 unused Assets to reduce memory usage. Loaded Objects now: 3909.
Total: 10.735600 ms (FindLiveObjects: 1.066300 ms CreateObjectMapping: 0.549500 ms MarkObjects: 9.023800 ms  DeleteObjects: 0.092900 ms)

AssetImportParameters requested are different than current active one (requested -> active):
  custom:framework-win-MediaFoundation: 216162199b28c13a410421893ffa2e32 -> 
  custom:video-decoder-ogg-theora: a1e56fd34408186e4bbccfd4996cb3dc -> 
  custom:container-muxer-webm: aa71ff27fc2769a1b78a27578f13a17b -> 
  custom:container-demuxer-webm: 4f35f7cbe854078d1ac9338744f61a02 -> 
  custom:container-demuxer-ogg: 62fdf1f143b41e24485cea50d1cbac27 -> 
  custom:video-encoder-webm-vp8: eb34c28f22e8b96e1ab97ce403110664 -> 
  custom:video-decoder-webm-vp8: 9c59270c3fd7afecdb556c50c9e8de78 -> 
  custom:audio-decoder-ogg-vorbis: bf7c407c2cedff20999df2af8eb42d56 -> 
  custom:audio-encoder-webm-vorbis: bf7c407c2cedff20999df2af8eb42d56 -> 
========================================================================
Received Prepare
Registering precompiled user dll's ...
Registered in 0.012938 seconds.
Begin MonoManager ReloadAssembly
Native extension for WindowsStandalone target not found
Native extension for WebGL target not found
Refreshing native plugins compatible for Editor in 1.14 ms, found 4 plugins.
Preloading 0 native plugins for Editor in 0.00 ms.
Mono: successfully reloaded assembly
- Completed reload, in  2.796 seconds
Domain Reload Profiling:
	ReloadAssembly (2797ms)
		BeginReloadAssembly (287ms)
			ExecutionOrderSort (0ms)
			DisableScriptedObjects (14ms)
			BackupInstance (0ms)
			ReleaseScriptingObjects (0ms)
			CreateAndSetChildDomain (98ms)
		EndReloadAssembly (2351ms)
			LoadAssemblies (249ms)
			RebuildTransferFunctionScriptingTraits (0ms)
			SetupTypeCache (949ms)
			ReleaseScriptCaches (2ms)
			RebuildScriptCaches (114ms)
			SetupLoadedEditorAssemblies (771ms)
				LogAssemblyErrors (0ms)
				InitializePlatformSupportModulesInManaged (13ms)
				SetLoadedEditorAssemblies (1ms)
				RefreshPlugins (1ms)
				BeforeProcessingInitializeOnLoad (229ms)
				ProcessInitializeOnLoadAttributes (485ms)
				ProcessInitializeOnLoadMethodAttributes (31ms)
				AfterProcessingInitializeOnLoad (8ms)
				EditorAssembliesLoaded (1ms)
			ExecutionOrderSort2 (0ms)
			AwakeInstancesAfterBackupRestoration (30ms)
Platform modules already initialized, skipping
Refreshing native plugins compatible for Editor in 1.30 ms, found 4 plugins.
Preloading 0 native plugins for Editor in 0.00 ms.
Unloading 3474 Unused Serialized files (Serialized files now loaded: 0)
System memory in use before: 119.5 MB.
System memory in use after: 119.7 MB.

Unloading 19 unused Assets to reduce memory usage. Loaded Objects now: 3911.
Total: 8.503700 ms (FindLiveObjects: 1.054500 ms CreateObjectMapping: 1.275500 ms MarkObjects: 6.124500 ms  DeleteObjects: 0.046900 ms)

AssetImportParameters requested are different than current active one (requested -> active):
  custom:framework-win-MediaFoundation: 216162199b28c13a410421893ffa2e32 -> 
  custom:video-decoder-ogg-theora: a1e56fd34408186e4bbccfd4996cb3dc -> 
  custom:container-muxer-webm: aa71ff27fc2769a1b78a27578f13a17b -> 
  custom:container-demuxer-webm: 4f35f7cbe854078d1ac9338744f61a02 -> 
  custom:container-demuxer-ogg: 62fdf1f143b41e24485cea50d1cbac27 -> 
  custom:video-encoder-webm-vp8: eb34c28f22e8b96e1ab97ce403110664 -> 
  custom:video-decoder-webm-vp8: 9c59270c3fd7afecdb556c50c9e8de78 -> 
  custom:audio-decoder-ogg-vorbis: bf7c407c2cedff20999df2af8eb42d56 -> 
  custom:audio-encoder-webm-vorbis: bf7c407c2cedff20999df2af8eb42d56 -> 
========================================================================
Received Import Request.
  Time since last request: 87485.487822 seconds.
  path: Assets/_FaceRecognition/FaceRecognition.unity
  artifactKey: Guid(fcfb8a20c1666774eb3f3d1275e8a308) Importer(815301076,1909f56bfc062723c751e8b465ee728b)
Start importing Assets/_FaceRecognition/FaceRecognition.unity using Guid(fcfb8a20c1666774eb3f3d1275e8a308) Importer(815301076,1909f56bfc062723c751e8b465ee728b)  -> (artifact id: 'ed5d31e31cb0c2ebc047c236c9b55ca0') in 0.153771 seconds 
  Import took 0.250455 seconds .

========================================================================
Received Import Request.
  Time since last request: 704.252545 seconds.
  path: Assets/_FaceRecognition/FaceDetection.cs
  artifactKey: Guid(c7646e7433ecdc943a8957763c22b9dd) Importer(815301076,1909f56bfc062723c751e8b465ee728b)
Start importing Assets/_FaceRecognition/FaceDetection.cs using Guid(c7646e7433ecdc943a8957763c22b9dd) Importer(815301076,1909f56bfc062723c751e8b465ee728b)  -> (artifact id: 'dc7b5efead4f56445eeee0f59be4e545') in 0.010852 seconds 
  Import took 0.017830 seconds .

========================================================================
Received Prepare
Registering precompiled user dll's ...
Registered in 0.131954 seconds.
Begin MonoManager ReloadAssembly
Native extension for WindowsStandalone target not found
Native extension for WebGL target not found
Refreshing native plugins compatible for Editor in 0.56 ms, found 4 plugins.
Preloading 0 native plugins for Editor in 0.00 ms.
Mono: successfully reloaded assembly
- Completed reload, in  1.073 seconds
Domain Reload Profiling:
	ReloadAssembly (1074ms)
		BeginReloadAssembly (179ms)
			ExecutionOrderSort (0ms)
			DisableScriptedObjects (8ms)
			BackupInstance (0ms)
			ReleaseScriptingObjects (0ms)
			CreateAndSetChildDomain (84ms)
		EndReloadAssembly (828ms)
			LoadAssemblies (108ms)
			RebuildTransferFunctionScriptingTraits (0ms)
			SetupTypeCache (344ms)
			ReleaseScriptCaches (1ms)
			RebuildScriptCaches (37ms)
			SetupLoadedEditorAssemblies (264ms)
				LogAssemblyErrors (0ms)
				InitializePlatformSupportModulesInManaged (5ms)
				SetLoadedEditorAssemblies (1ms)
				RefreshPlugins (1ms)
				BeforeProcessingInitializeOnLoad (82ms)
				ProcessInitializeOnLoadAttributes (165ms)
				ProcessInitializeOnLoadMethodAttributes (7ms)
				AfterProcessingInitializeOnLoad (2ms)
				EditorAssembliesLoaded (0ms)
			ExecutionOrderSort2 (0ms)
			AwakeInstancesAfterBackupRestoration (6ms)
Platform modules already initialized, skipping
Refreshing native plugins compatible for Editor in 0.59 ms, found 4 plugins.
Preloading 0 native plugins for Editor in 0.00 ms.
Unloading 3474 Unused Serialized files (Serialized files now loaded: 0)
System memory in use before: 119.5 MB.
System memory in use after: 119.8 MB.

Unloading 19 unused Assets to reduce memory usage. Loaded Objects now: 3913.
Total: 3.221400 ms (FindLiveObjects: 0.298900 ms CreateObjectMapping: 0.234300 ms MarkObjects: 2.661800 ms  DeleteObjects: 0.025400 ms)

AssetImportParameters requested are different than current active one (requested -> active):
  custom:framework-win-MediaFoundation: 216162199b28c13a410421893ffa2e32 -> 
  custom:video-decoder-ogg-theora: a1e56fd34408186e4bbccfd4996cb3dc -> 
  custom:container-muxer-webm: aa71ff27fc2769a1b78a27578f13a17b -> 
  custom:container-demuxer-webm: 4f35f7cbe854078d1ac9338744f61a02 -> 
  custom:container-demuxer-ogg: 62fdf1f143b41e24485cea50d1cbac27 -> 
  custom:video-encoder-webm-vp8: eb34c28f22e8b96e1ab97ce403110664 -> 
  custom:video-decoder-webm-vp8: 9c59270c3fd7afecdb556c50c9e8de78 -> 
  custom:audio-decoder-ogg-vorbis: bf7c407c2cedff20999df2af8eb42d56 -> 
  custom:audio-encoder-webm-vorbis: bf7c407c2cedff20999df2af8eb42d56 -> 
========================================================================
Received Import Request.
  Time since last request: 37.000059 seconds.
  path: Assets/_FaceRecognition/Face.unity
  artifactKey: Guid(fcfb8a20c1666774eb3f3d1275e8a308) Importer(815301076,1909f56bfc062723c751e8b465ee728b)
Start importing Assets/_FaceRecognition/Face.unity using Guid(fcfb8a20c1666774eb3f3d1275e8a308) Importer(815301076,1909f56bfc062723c751e8b465ee728b)  -> (artifact id: 'd32095b2f4d20970af4a38ba87ccee6e') in 0.019817 seconds 
  Import took 0.025911 seconds .

========================================================================
Received Prepare
Registering precompiled user dll's ...
Registered in 0.006234 seconds.
Begin MonoManager ReloadAssembly
Native extension for WindowsStandalone target not found
Native extension for WebGL target not found
Refreshing native plugins compatible for Editor in 0.53 ms, found 4 plugins.
Preloading 0 native plugins for Editor in 0.00 ms.
Mono: successfully reloaded assembly
- Completed reload, in  1.118 seconds
Domain Reload Profiling:
	ReloadAssembly (1118ms)
		BeginReloadAssembly (263ms)
			ExecutionOrderSort (0ms)
			DisableScriptedObjects (4ms)
			BackupInstance (0ms)
			ReleaseScriptingObjects (0ms)
			CreateAndSetChildDomain (191ms)
		EndReloadAssembly (800ms)
			LoadAssemblies (95ms)
			RebuildTransferFunctionScriptingTraits (0ms)
			SetupTypeCache (324ms)
			ReleaseScriptCaches (1ms)
			RebuildScriptCaches (38ms)
			SetupLoadedEditorAssemblies (262ms)
				LogAssemblyErrors (0ms)
				InitializePlatformSupportModulesInManaged (5ms)
				SetLoadedEditorAssemblies (0ms)
				RefreshPlugins (1ms)
				BeforeProcessingInitializeOnLoad (80ms)
				ProcessInitializeOnLoadAttributes (167ms)
				ProcessInitializeOnLoadMethodAttributes (8ms)
				AfterProcessingInitializeOnLoad (2ms)
				EditorAssembliesLoaded (0ms)
			ExecutionOrderSort2 (0ms)
			AwakeInstancesAfterBackupRestoration (6ms)
Platform modules already initialized, skipping
Refreshing native plugins compatible for Editor in 0.52 ms, found 4 plugins.
Preloading 0 native plugins for Editor in 0.00 ms.
Unloading 3474 Unused Serialized files (Serialized files now loaded: 0)
System memory in use before: 119.5 MB.
System memory in use after: 119.8 MB.

Unloading 19 unused Assets to reduce memory usage. Loaded Objects now: 3915.
Total: 2.885300 ms (FindLiveObjects: 0.238000 ms CreateObjectMapping: 0.160100 ms MarkObjects: 2.469900 ms  DeleteObjects: 0.016500 ms)

AssetImportParameters requested are different than current active one (requested -> active):
  custom:framework-win-MediaFoundation: 216162199b28c13a410421893ffa2e32 -> 
  custom:video-decoder-ogg-theora: a1e56fd34408186e4bbccfd4996cb3dc -> 
  custom:container-muxer-webm: aa71ff27fc2769a1b78a27578f13a17b -> 
  custom:container-demuxer-webm: 4f35f7cbe854078d1ac9338744f61a02 -> 
  custom:container-demuxer-ogg: 62fdf1f143b41e24485cea50d1cbac27 -> 
  custom:video-encoder-webm-vp8: eb34c28f22e8b96e1ab97ce403110664 -> 
  custom:video-decoder-webm-vp8: 9c59270c3fd7afecdb556c50c9e8de78 -> 
  custom:audio-decoder-ogg-vorbis: bf7c407c2cedff20999df2af8eb42d56 -> 
  custom:audio-encoder-webm-vorbis: bf7c407c2cedff20999df2af8eb42d56 -> 
========================================================================
Received Import Request.
  Time since last request: 24.660068 seconds.
  path: Assets/_FaceRecognition/FaceDetection.cs
  artifactKey: Guid(c7646e7433ecdc943a8957763c22b9dd) Importer(815301076,1909f56bfc062723c751e8b465ee728b)
Start importing Assets/_FaceRecognition/FaceDetection.cs using Guid(c7646e7433ecdc943a8957763c22b9dd) Importer(815301076,1909f56bfc062723c751e8b465ee728b)  -> (artifact id: 'ab115c4960a576eef1830099054bd733') in 0.010162 seconds 
  Import took 0.014580 seconds .

AssetImportWorkerClient::OnTransportError - code=2 error=End of file
